ThermalMonJTM05_Android/openCVLibrary3410/build/intermediates/manifest_merge_blame_file/debug/manifest-merger-blame-debug-report.txt
1<?xml version="1.0" encoding="utf-8"?>
2<manifest xmlns:android="http://schemas.android.com/apk/res/android"
3    package="org.opencv"
4    android:versionCode="34100"
5    android:versionName="3.4.10" >
6
7    <uses-sdk
7-->src/main/AndroidManifest.xml:7:5-47
8        android:minSdkVersion="19"
8-->src/main/AndroidManifest.xml:7:5-47
9        android:targetSdkVersion="29" />
9-->src/main/AndroidManifest.xml:7:15-44
10
11    <uses-permission android:name="android.permission.CAMERA" />
11-->src/main/AndroidManifest.xml:8:5-65
11-->src/main/AndroidManifest.xml:8:22-62
12
13</manifest>